# JRE version: OpenJDK Runtime Environment Temurin-21.0.8+9 (21.0.8+9) (build 21.0.8+9-LTS)
# Java VM: OpenJDK 64-Bit Server VM Temurin-21.0.8+9 (21.0.8+9-LTS, mixed mode, sharing, tiered, compressed oops, compressed class ptrs, parallel gc, windows-amd64)
GC Precious Log:
 CardTable entry size: 512
 CPUs: 32 total, 32 available
 Memory: 32503M
 Large Page Support: Disabled
 NUMA Support: Disabled
 Compressed Oops: Enabled (32-bit)
 Alignments: Space 512K, Generation 512K, Heap 2M
 Heap Min Capacity: 100M
 Heap Initial Capacity: 100M
 Heap Max Capacity: 2G
 Pre-touch: Disabled
 Parallel Workers: 23
Heap:
 PSYoungGen      total 5120K, used 3776K [0x00000000d5580000, 0x00000000d5b80000, 0x0000000100000000)
  eden space 4096K, 78% used [0x00000000d5580000,0x00000000d58a0030,0x00000000d5980000)
  from space 1024K, 56% used [0x00000000d5a80000,0x00000000d5b10000,0x00000000d5b80000)
  to   space 1024K, 0% used [0x00000000d5980000,0x00000000d5980000,0x00000000d5a80000)
 ParOldGen       total 527872K, used 260855K [0x0000000080000000, 0x00000000a0380000, 0x00000000d5580000)
  object space 527872K, 49% used [0x0000000080000000,0x000000008febde40,0x00000000a0380000)
 Metaspace       used 80261K, committed 81792K, reserved 1179648K
  class space    used 8292K, committed 8960K, reserved 1048576K
GC Heap History (20 events):
Event: 780.296 GC heap before
{Heap before GC invocations=427 (full 5):
 PSYoungGen      total 3072K, used 3039K [0x00000000d5580000, 0x00000000d5c80000, 0x0000000100000000)
  eden space 2048K, 99% used [0x00000000d5580000,0x00000000d577f898,0x00000000d5780000)
  from space 1024K, 97% used [0x00000000d5b80000,0x00000000d5c78618,0x00000000d5c80000)
  to   space 1536K, 0% used [0x00000000d5980000,0x00000000d5980000,0x00000000d5b00000)
 ParOldGen       total 527872K, used 254029K [0x0000000080000000, 0x00000000a0380000, 0x00000000d5580000)
  object space 527872K, 48% used [0x0000000080000000,0x000000008f813738,0x00000000a0380000)
 Metaspace       used 80070K, committed 81664K, reserved 1179648K
  class space    used 8280K, committed 8960K, reserved 1048576K
}
Event: 780.296 GC heap after
{Heap after GC invocations=427 (full 5):
 PSYoungGen      total 4096K, used 802K [0x00000000d5580000, 0x00000000d5c00000, 0x0000000100000000)
  eden space 2560K, 0% used [0x00000000d5580000,0x00000000d5580000,0x00000000d5800000)
  from space 1536K, 52% used [0x00000000d5980000,0x00000000d5a48ad8,0x00000000d5b00000)
  to   space 1024K, 0% used [0x00000000d5b00000,0x00000000d5b00000,0x00000000d5c00000)
 ParOldGen       total 527872K, used 254173K [0x0000000080000000, 0x00000000a0380000, 0x00000000d5580000)
  object space 527872K, 48% used [0x0000000080000000,0x000000008f837738,0x00000000a0380000)
 Metaspace       used 80070K, committed 81664K, reserved 1179648K
  class space    used 8280K, committed 8960K, reserved 1048576K
}
Event: 780.304 GC heap before
{Heap before GC invocations=428 (full 5):
 PSYoungGen      total 4096K, used 3362K [0x00000000d5580000, 0x00000000d5c00000, 0x0000000100000000)
  eden space 2560K, 100% used [0x00000000d5580000,0x00000000d5800000,0x00000000d5800000)
  from space 1536K, 52% used [0x00000000d5980000,0x00000000d5a48ad8,0x00000000d5b00000)
  to   space 1024K, 0% used [0x00000000d5b00000,0x00000000d5b00000,0x00000000d5c00000)
 ParOldGen       total 527872K, used 254173K [0x0000000080000000, 0x00000000a0380000, 0x00000000d5580000)
  object space 527872K, 48% used [0x0000000080000000,0x000000008f837738,0x00000000a0380000)
 Metaspace       used 80072K, committed 81664K, reserved 1179648K
  class space    used 8280K, committed 8960K, reserved 1048576K
}
Event: 780.305 GC heap after
{Heap after GC invocations=428 (full 5):
 PSYoungGen      total 3584K, used 1014K [0x00000000d5580000, 0x00000000d5e80000, 0x0000000100000000)
  eden space 2560K, 0% used [0x00000000d5580000,0x00000000d5580000,0x00000000d5800000)
  from space 1024K, 99% used [0x00000000d5b00000,0x00000000d5bfd850,0x00000000d5c00000)
  to   space 3072K, 0% used [0x00000000d5800000,0x00000000d5800000,0x00000000d5b00000)
 ParOldGen       total 527872K, used 255741K [0x0000000080000000, 0x00000000a0380000, 0x00000000d5580000)
  object space 527872K, 48% used [0x0000000080000000,0x000000008f9bf570,0x00000000a0380000)
 Metaspace       used 80072K, committed 81664K, reserved 1179648K
  class space    used 8280K, committed 8960K, reserved 1048576K
}
Event: 780.308 GC heap before
{Heap before GC invocations=429 (full 5):
 PSYoungGen      total 3584K, used 3574K [0x00000000d5580000, 0x00000000d5e80000, 0x0000000100000000)
  eden space 2560K, 100% used [0x00000000d5580000,0x00000000d5800000,0x00000000d5800000)
  from space 1024K, 99% used [0x00000000d5b00000,0x00000000d5bfd850,0x00000000d5c00000)
  to   space 3072K, 0% used [0x00000000d5800000,0x00000000d5800000,0x00000000d5b00000)
 ParOldGen       total 527872K, used 255741K [0x0000000080000000, 0x00000000a0380000, 0x00000000d5580000)
  object space 527872K, 48% used [0x0000000080000000,0x000000008f9bf570,0x00000000a0380000)
 Metaspace       used 80072K, committed 81664K, reserved 1179648K
  class space    used 8280K, committed 8960K, reserved 1048576K
}
Event: 780.310 GC heap after
{Heap after GC invocations=429 (full 5):
 PSYoungGen      total 3584K, used 800K [0x00000000d5580000, 0x00000000d5b80000, 0x0000000100000000)
  eden space 2560K, 0% used [0x00000000d5580000,0x00000000d5580000,0x00000000d5800000)
  from space 1024K, 78% used [0x00000000d5800000,0x00000000d58c8010,0x00000000d5900000)
  to   space 1536K, 0% used [0x00000000d5a00000,0x00000000d5a00000,0x00000000d5b80000)
 ParOldGen       total 527872K, used 257281K [0x0000000080000000, 0x00000000a0380000, 0x00000000d5580000)
  object space 527872K, 48% used [0x0000000080000000,0x000000008fb405d0,0x00000000a0380000)
 Metaspace       used 80072K, committed 81664K, reserved 1179648K
  class space    used 8280K, committed 8960K, reserved 1048576K
}
Event: 780.313 GC heap before
{Heap before GC invocations=430 (full 5):
 PSYoungGen      total 3584K, used 3360K [0x00000000d5580000, 0x00000000d5b80000, 0x0000000100000000)
  eden space 2560K, 100% used [0x00000000d5580000,0x00000000d5800000,0x00000000d5800000)
  from space 1024K, 78% used [0x00000000d5800000,0x00000000d58c8010,0x00000000d5900000)
  to   space 1536K, 0% used [0x00000000d5a00000,0x00000000d5a00000,0x00000000d5b80000)
 ParOldGen       total 527872K, used 257281K [0x0000000080000000, 0x00000000a0380000, 0x00000000d5580000)
  object space 527872K, 48% used [0x0000000080000000,0x000000008fb405d0,0x00000000a0380000)
 Metaspace       used 80072K, committed 81664K, reserved 1179648K
  class space    used 8280K, committed 8960K, reserved 1048576K
}
Event: 780.315 GC heap after
{Heap after GC invocations=430 (full 5):
 PSYoungGen      total 4096K, used 704K [0x00000000d5580000, 0x00000000d5b00000, 0x0000000100000000)
  eden space 3072K, 0% used [0x00000000d5580000,0x00000000d5580000,0x00000000d5880000)
  from space 1024K, 68% used [0x00000000d5a00000,0x00000000d5ab0000,0x00000000d5b00000)
  to   space 1024K, 0% used [0x00000000d5900000,0x00000000d5900000,0x00000000d5a00000)
 ParOldGen       total 527872K, used 257777K [0x0000000080000000, 0x00000000a0380000, 0x00000000d5580000)
  object space 527872K, 48% used [0x0000000080000000,0x000000008fbbc5f0,0x00000000a0380000)
 Metaspace       used 80072K, committed 81664K, reserved 1179648K
  class space    used 8280K, committed 8960K, reserved 1048576K
}
Event: 780.321 GC heap before
{Heap before GC invocations=431 (full 5):
 PSYoungGen      total 4096K, used 3776K [0x00000000d5580000, 0x00000000d5b00000, 0x0000000100000000)
  eden space 3072K, 100% used [0x00000000d5580000,0x00000000d5880000,0x00000000d5880000)
  from space 1024K, 68% used [0x00000000d5a00000,0x00000000d5ab0000,0x00000000d5b00000)
  to   space 1024K, 0% used [0x00000000d5900000,0x00000000d5900000,0x00000000d5a00000)
 ParOldGen       total 527872K, used 259327K [0x0000000080000000, 0x00000000a0380000, 0x00000000d5580000)
  object space 527872K, 49% used [0x0000000080000000,0x000000008fd3fc38,0x00000000a0380000)
 Metaspace       used 80076K, committed 81664K, reserved 1179648K
  class space    used 8280K, committed 8960K, reserved 1048576K
}
Event: 780.322 GC heap after
{Heap after GC invocations=431 (full 5):
 PSYoungGen      total 4608K, used 725K [0x00000000d5580000, 0x00000000d5b80000, 0x0000000100000000)
  eden space 3584K, 0% used [0x00000000d5580000,0x00000000d5580000,0x00000000d5900000)
  from space 1024K, 70% used [0x00000000d5900000,0x00000000d59b5710,0x00000000d5a00000)
  to   space 1024K, 0% used [0x00000000d5a80000,0x00000000d5a80000,0x00000000d5b80000)
 ParOldGen       total 527872K, used 259511K [0x0000000080000000, 0x00000000a0380000, 0x00000000d5580000)
  object space 527872K, 49% used [0x0000000080000000,0x000000008fd6dc38,0x00000000a0380000)
 Metaspace       used 80076K, committed 81664K, reserved 1179648K
  class space    used 8280K, committed 8960K, reserved 1048576K
}
Event: 780.328 GC heap before
{Heap before GC invocations=432 (full 5):
 PSYoungGen      total 4608K, used 4309K [0x00000000d5580000, 0x00000000d5b80000, 0x0000000100000000)
  eden space 3584K, 100% used [0x00000000d5580000,0x00000000d5900000,0x00000000d5900000)
  from space 1024K, 70% used [0x00000000d5900000,0x00000000d59b5710,0x00000000d5a00000)
  to   space 1024K, 0% used [0x00000000d5a80000,0x00000000d5a80000,0x00000000d5b80000)
 ParOldGen       total 527872K, used 259511K [0x0000000080000000, 0x00000000a0380000, 0x00000000d5580000)
  object space 527872K, 49% used [0x0000000080000000,0x000000008fd6dc38,0x00000000a0380000)
 Metaspace       used 80076K, committed 81664K, reserved 1179648K
  class space    used 8280K, committed 8960K, reserved 1048576K
}
Event: 780.329 GC heap after
{Heap after GC invocations=432 (full 5):
 PSYoungGen      total 5120K, used 608K [0x00000000d5580000, 0x00000000d5c00000, 0x0000000100000000)
  eden space 4096K, 0% used [0x00000000d5580000,0x00000000d5580000,0x00000000d5980000)
  from space 1024K, 59% used [0x00000000d5a80000,0x00000000d5b18000,0x00000000d5b80000)
  to   space 1024K, 0% used [0x00000000d5980000,0x00000000d5980000,0x00000000d5a80000)
 ParOldGen       total 527872K, used 259748K [0x0000000080000000, 0x00000000a0380000, 0x00000000d5580000)
  object space 527872K, 49% used [0x0000000080000000,0x000000008fda9348,0x00000000a0380000)
 Metaspace       used 80076K, committed 81664K, reserved 1179648K
  class space    used 8280K, committed 8960K, reserved 1048576K
}
Event: 780.481 GC heap before
{Heap before GC invocations=433 (full 5):
 PSYoungGen      total 5120K, used 4704K [0x00000000d5580000, 0x00000000d5c00000, 0x0000000100000000)
  eden space 4096K, 100% used [0x00000000d5580000,0x00000000d5980000,0x00000000d5980000)
  from space 1024K, 59% used [0x00000000d5a80000,0x00000000d5b18000,0x00000000d5b80000)
  to   space 1024K, 0% used [0x00000000d5980000,0x00000000d5980000,0x00000000d5a80000)
 ParOldGen       total 527872K, used 259748K [0x0000000080000000, 0x00000000a0380000, 0x00000000d5580000)
  object space 527872K, 49% used [0x0000000080000000,0x000000008fda9348,0x00000000a0380000)
 Metaspace       used 80146K, committed 81728K, reserved 1179648K
  class space    used 8286K, committed 8960K, reserved 1048576K
}
Event: 780.481 GC heap after
{Heap after GC invocations=433 (full 5):
 PSYoungGen      total 5120K, used 1008K [0x00000000d5580000, 0x00000000d5c80000, 0x0000000100000000)
  eden space 4096K, 0% used [0x00000000d5580000,0x00000000d5580000,0x00000000d5980000)
  from space 1024K, 98% used [0x00000000d5980000,0x00000000d5a7c010,0x00000000d5a80000)
  to   space 1536K, 0% used [0x00000000d5b00000,0x00000000d5b00000,0x00000000d5c80000)
 ParOldGen       total 527872K, used 259931K [0x0000000080000000, 0x00000000a0380000, 0x00000000d5580000)
  object space 527872K, 49% used [0x0000000080000000,0x000000008fdd6e00,0x00000000a0380000)
 Metaspace       used 80146K, committed 81728K, reserved 1179648K
  class space    used 8286K, committed 8960K, reserved 1048576K
}
Event: 780.573 GC heap before
{Heap before GC invocations=434 (full 5):
 PSYoungGen      total 5120K, used 5104K [0x00000000d5580000, 0x00000000d5c80000, 0x0000000100000000)
  eden space 4096K, 100% used [0x00000000d5580000,0x00000000d5980000,0x00000000d5980000)
  from space 1024K, 98% used [0x00000000d5980000,0x00000000d5a7c010,0x00000000d5a80000)
  to   space 1536K, 0% used [0x00000000d5b00000,0x00000000d5b00000,0x00000000d5c80000)
 ParOldGen       total 527872K, used 259931K [0x0000000080000000, 0x00000000a0380000, 0x00000000d5580000)
  object space 527872K, 49% used [0x0000000080000000,0x000000008fdd6e00,0x00000000a0380000)
 Metaspace       used 80174K, committed 81728K, reserved 1179648K
  class space    used 8286K, committed 8960K, reserved 1048576K
}
Event: 780.574 GC heap after
{Heap after GC invocations=434 (full 5):
 PSYoungGen      total 5120K, used 656K [0x00000000d5580000, 0x00000000d5c00000, 0x0000000100000000)
  eden space 4096K, 0% used [0x00000000d5580000,0x00000000d5580000,0x00000000d5980000)
  from space 1024K, 64% used [0x00000000d5b00000,0x00000000d5ba4010,0x00000000d5c00000)
  to   space 1024K, 0% used [0x00000000d5980000,0x00000000d5980000,0x00000000d5a80000)
 ParOldGen       total 527872K, used 260671K [0x0000000080000000, 0x00000000a0380000, 0x00000000d5580000)
  object space 527872K, 49% used [0x0000000080000000,0x000000008fe8fe40,0x00000000a0380000)
 Metaspace       used 80174K, committed 81728K, reserved 1179648K
  class space    used 8286K, committed 8960K, reserved 1048576K
}
Event: 780.681 GC heap before
{Heap before GC invocations=435 (full 5):
 PSYoungGen      total 5120K, used 4752K [0x00000000d5580000, 0x00000000d5c00000, 0x0000000100000000)
  eden space 4096K, 99% used [0x00000000d5580000,0x00000000d597fff8,0x00000000d5980000)
  from space 1024K, 64% used [0x00000000d5b00000,0x00000000d5ba4010,0x00000000d5c00000)
  to   space 1024K, 0% used [0x00000000d5980000,0x00000000d5980000,0x00000000d5a80000)
 ParOldGen       total 527872K, used 260671K [0x0000000080000000, 0x00000000a0380000, 0x00000000d5580000)
  object space 527872K, 49% used [0x0000000080000000,0x000000008fe8fe40,0x00000000a0380000)
 Metaspace       used 80179K, committed 81728K, reserved 1179648K
  class space    used 8286K, committed 8960K, reserved 1048576K
}
Event: 780.682 GC heap after
{Heap after GC invocations=435 (full 5):
 PSYoungGen      total 5120K, used 672K [0x00000000d5580000, 0x00000000d5b80000, 0x0000000100000000)
  eden space 4096K, 0% used [0x00000000d5580000,0x00000000d5580000,0x00000000d5980000)
  from space 1024K, 65% used [0x00000000d5980000,0x00000000d5a28000,0x00000000d5a80000)
  to   space 1024K, 0% used [0x00000000d5a80000,0x00000000d5a80000,0x00000000d5b80000)
 ParOldGen       total 527872K, used 260815K [0x0000000080000000, 0x00000000a0380000, 0x00000000d5580000)
  object space 527872K, 49% used [0x0000000080000000,0x000000008feb3e40,0x00000000a0380000)
 Metaspace       used 80179K, committed 81728K, reserved 1179648K
  class space    used 8286K, committed 8960K, reserved 1048576K
}
Event: 780.937 GC heap before
{Heap before GC invocations=436 (full 5):
 PSYoungGen      total 5120K, used 4768K [0x00000000d5580000, 0x00000000d5b80000, 0x0000000100000000)
  eden space 4096K, 100% used [0x00000000d5580000,0x00000000d5980000,0x00000000d5980000)
  from space 1024K, 65% used [0x00000000d5980000,0x00000000d5a28000,0x00000000d5a80000)
  to   space 1024K, 0% used [0x00000000d5a80000,0x00000000d5a80000,0x00000000d5b80000)
 ParOldGen       total 527872K, used 260815K [0x0000000080000000, 0x00000000a0380000, 0x00000000d5580000)
  object space 527872K, 49% used [0x0000000080000000,0x000000008feb3e40,0x00000000a0380000)
 Metaspace       used 80214K, committed 81728K, reserved 1179648K
  class space    used 8290K, committed 8960K, reserved 1048576K
}
Event: 780.938 GC heap after
{Heap after GC invocations=436 (full 5):
 PSYoungGen      total 5120K, used 576K [0x00000000d5580000, 0x00000000d5b80000, 0x0000000100000000)
  eden space 4096K, 0% used [0x00000000d5580000,0x00000000d5580000,0x00000000d5980000)
  from space 1024K, 56% used [0x00000000d5a80000,0x00000000d5b10000,0x00000000d5b80000)
  to   space 1024K, 0% used [0x00000000d5980000,0x00000000d5980000,0x00000000d5a80000)
 ParOldGen       total 527872K, used 260855K [0x0000000080000000, 0x00000000a0380000, 0x00000000d5580000)
  object space 527872K, 49% used [0x0000000080000000,0x000000008febde40,0x00000000a0380000)
 Metaspace       used 80214K, committed 81728K, reserved 1179648K
  class space    used 8290K, committed 8960K, reserved 1048576K
}

